<?xml version="1.0" encoding="UTF-8"?>
<!-- Generated by org.testng.reporters.JUnitXMLReporter -->
<testsuite ignored="0" hostname="LAPTOP-121UUB1I" failures="0" tests="3" name="Default test" time="0.738" errors="0" timestamp="2026-05-10T17:05:23 IST">
  <testcase classname="test.Combinationdrivenprovider" name="print" time="0.009"/>
  <testcase classname="test.Combinationdrivenprovider" name="print" time="0.003"/>
  <testcase classname="test.Combinationdrivenprovider" name="print" time="0.001"/>
</testsuite> <!-- Default test -->
