<?xml version="1.0" encoding="UTF-8"?>
<!-- Generated by org.testng.reporters.JUnitXMLReporter -->
<testsuite ignored="0" hostname="LAPTOP-121UUB1I" failures="0" tests="5" name="manju" time="0.062" errors="0" timestamp="2026-03-20T22:59:09 IST">
  <testcase classname="test.day1" name="day1firstTest" time="0.007"/>
  <testcase classname="test.day1" name="day1secondTest" time="0.002"/>
  <testcase classname="test.day1" name="fourthTest" time="0.002"/>
  <testcase classname="test.day1" name="fourthTest" time="0.002"/>
  <testcase classname="test.day1" name="thirdTest" time="0.002"/>
</testsuite> <!-- manju -->
