<?xml version="1.0" encoding="UTF-8"?>
<!-- Generated by org.testng.reporters.JUnitXMLReporter -->
<testsuite ignored="0" hostname="LAPTOP-121UUB1I" failures="1" tests="3" name="manoj" time="0.021" errors="0" timestamp="2026-03-20T22:59:09 IST">
  <testcase classname="test.day2" name="day2FirstMethod" time="0.007">
    <failure type="java.lang.AssertionError" message="expected [true] but found [false]">
      <![CDATA[java.lang.AssertionError: expected [true] but found [false]
at test.day2.day2FirstMethod(day2.java:12)
at java.base/java.util.ArrayList.forEach(ArrayList.java:1596)
... Removed 29 stack frames]]>
    </failure>
  </testcase> <!-- day2FirstMethod -->
  <testcase classname="test.day2" name="day2SecondMethod" time="0.002"/>
  <testcase classname="test.day2" name="day2ThirdMethod" time="0.002"/>
</testsuite> <!-- manoj -->
