<?xml version="1.0" encoding="UTF-8"?>
<!-- Generated by org.testng.reporters.JUnitXMLReporter -->
<testsuite ignored="5" hostname="LAPTOP-121UUB1I" failures="0" tests="2" name="regression" time="0.062" errors="0" timestamp="2026-03-20T20:35:43 IST">
  <testcase classname="test.day1" name="day1firstTest" time="0.017"/>
  <testcase classname="test.day2" name="day2FirstMethod" time="0.002"/>
  <testcase classname="test.day2" name="day2ThirdMethod" time="0.0">
    <ignored/>
  </testcase> <!-- day2ThirdMethod -->
  <testcase classname="test.day2" name="day2SecondMethod" time="0.0">
    <ignored/>
  </testcase> <!-- day2SecondMethod -->
  <testcase classname="test.day1" name="fourthTest" time="0.0">
    <ignored/>
  </testcase> <!-- fourthTest -->
  <testcase classname="test.day1" name="day1secondTest" time="0.0">
    <ignored/>
  </testcase> <!-- day1secondTest -->
  <testcase classname="test.day1" name="thirdTest" time="0.0">
    <ignored/>
  </testcase> <!-- thirdTest -->
</testsuite> <!-- regression -->
