<?xml version="1.0" encoding="UTF-8"?>
<testng-results ignored="0" total="3" passed="3" failed="0" skipped="0">
  <reporter-output>
  </reporter-output>
  <suite started-at="2026-05-10T17:05:22 IST" name="Default suite" finished-at="2026-05-10T17:05:23 IST" duration-ms="738">
    <groups>
    </groups>
    <test started-at="2026-05-10T17:05:22 IST" name="Default test" finished-at="2026-05-10T17:05:23 IST" duration-ms="738">
      <class name="test.Combinationdrivenprovider">
        <test-method signature="print(java.lang.String,java.lang.String,java.lang.String)[pri:0, instance:test.Combinationdrivenprovider@351d00c0]" started-at="2026-05-10T17:05:23 IST" name="print" data-provider="drivendata" finished-at="2026-05-10T17:05:23 IST" duration-ms="9" status="PASS">
          <params>
            <param index="0">
              <value>
                <![CDATA[hello]]>
              </value>
            </param>
            <param index="1">
              <value>
                <![CDATA[text]]>
              </value>
            </param>
            <param index="2">
              <value>
                <![CDATA[1]]>
              </value>
            </param>
          </params>
          <reporter-output>
          </reporter-output>
        </test-method> <!-- print -->
        <test-method signature="print(java.lang.String,java.lang.String,java.lang.String)[pri:0, instance:test.Combinationdrivenprovider@351d00c0]" started-at="2026-05-10T17:05:23 IST" name="print" data-provider="drivendata" finished-at="2026-05-10T17:05:23 IST" duration-ms="3" status="PASS">
          <params>
            <param index="0">
              <value>
                <![CDATA[bye]]>
              </value>
            </param>
            <param index="1">
              <value>
                <![CDATA[message]]>
              </value>
            </param>
            <param index="2">
              <value>
                <![CDATA[143]]>
              </value>
            </param>
          </params>
          <reporter-output>
          </reporter-output>
        </test-method> <!-- print -->
        <test-method signature="print(java.lang.String,java.lang.String,java.lang.String)[pri:0, instance:test.Combinationdrivenprovider@351d00c0]" started-at="2026-05-10T17:05:23 IST" name="print" data-provider="drivendata" finished-at="2026-05-10T17:05:23 IST" duration-ms="1" status="PASS">
          <params>
            <param index="0">
              <value>
                <![CDATA[solo]]>
              </value>
            </param>
            <param index="1">
              <value>
                <![CDATA[call]]>
              </value>
            </param>
            <param index="2">
              <value>
                <![CDATA[453]]>
              </value>
            </param>
          </params>
          <reporter-output>
          </reporter-output>
        </test-method> <!-- print -->
      </class> <!-- test.Combinationdrivenprovider -->
    </test> <!-- Default test -->
  </suite> <!-- Default suite -->
</testng-results>
