<?xml version="1.0" encoding="UTF-8"?>
<!-- Generated by org.testng.reporters.JUnitReportReporter -->
<testsuite hostname="LAPTOP-121UUB1I" failures="0" tests="3" name="test.Combinationdrivenprovider" time="0.013" errors="0" timestamp="2026-05-10T17:05:23 IST" skipped="0">
  <testcase classname="test.Combinationdrivenprovider" name="print" time="0.009"/>
  <testcase classname="test.Combinationdrivenprovider" name="print" time="0.001"/>
  <testcase classname="test.Combinationdrivenprovider" name="print" time="0.003"/>
</testsuite> <!-- test.Combinationdrivenprovider -->
