<?xml version="1.0" encoding="UTF-8"?>
<!-- Generated by org.testng.reporters.JUnitReportReporter -->
<testsuite hostname="LAPTOP-121UUB1I" failures="0" tests="5" name="test.day1" time="0.015" errors="0" timestamp="2026-03-20T22:59:09 IST" skipped="0">
  <testcase classname="test.day1" name="fourthTest" time="0.002"/>
  <testcase classname="test.day1" name="fourthTest" time="0.002"/>
  <testcase classname="test.day1" name="day1secondTest" time="0.002"/>
  <testcase classname="test.day1" name="thirdTest" time="0.002"/>
  <testcase classname="test.day1" name="day1firstTest" time="0.007"/>
</testsuite> <!-- test.day1 -->
